2022-09-02 03:10:56,646 [INFO] [31m[1mWARNING: This is a development server. Do not use it in a production deployment. Use a production WSGI server instead.[0m
 * Running on http://127.0.0.1:5001
2022-09-02 03:10:56,647 [INFO] [33mPress CTRL+C to quit[0m
2022-09-02 03:10:58,133 [ERROR] Exception on /api/posts [GET]
Traceback (most recent call last):
  File "/Users/antokhrist/PycharmProjects/CourseWork3_web/venv/lib/python3.7/site-packages/flask/app.py", line 2525, in wsgi_app
    response = self.full_dispatch_request()
  File "/Users/antokhrist/PycharmProjects/CourseWork3_web/venv/lib/python3.7/site-packages/flask/app.py", line 1822, in full_dispatch_request
    rv = self.handle_user_exception(e)
  File "/Users/antokhrist/PycharmProjects/CourseWork3_web/venv/lib/python3.7/site-packages/flask/app.py", line 1820, in full_dispatch_request
    rv = self.dispatch_request()
  File "/Users/antokhrist/PycharmProjects/CourseWork3_web/venv/lib/python3.7/site-packages/flask/app.py", line 1796, in dispatch_request
    return self.ensure_sync(self.view_functions[rule.endpoint])(**view_args)
  File "/Users/antokhrist/PycharmProjects/CourseWork3_web/app.py", line 58, in api_posts_endpoint
    logger.info('выполнен запрос всех постов')
NameError: name 'logger' is not defined
2022-09-02 03:10:58,136 [INFO] 127.0.0.1 - - [02/Sep/2022 03:10:58] "[35m[1mGET /api/posts HTTP/1.1[0m" 500 -
2022-09-02 03:11:21,691 [INFO] [31m[1mWARNING: This is a development server. Do not use it in a production deployment. Use a production WSGI server instead.[0m
 * Running on http://127.0.0.1:5001
2022-09-02 03:11:21,691 [INFO] [33mPress CTRL+C to quit[0m
2022-09-02 03:11:23,438 [INFO] выполнен запрос всех постов
2022-09-02 03:11:23,439 [INFO] 127.0.0.1 - - [02/Sep/2022 03:11:23] "GET /api/posts HTTP/1.1" 200 -
